<?xml version="1.0" encoding="UTF-8"?>
<!-- Generated by org.testng.reporters.JUnitXMLReporter -->
<testsuite hostname="rover" name="check-positive" tests="4" failures="0" timestamp="26 Mar 2014 00:15:36 GMT" time="0.288" errors="0">
  <testcase name="expectGoodData" time="0.029" classname="ca.pmcgovern.ThreeCheckerTest"/>
  <testcase name="expectGoodData" time="0.0" classname="ca.pmcgovern.ThreeCheckerTest"/>
  <testcase name="expectGoodData" time="0.0" classname="ca.pmcgovern.ThreeCheckerTest"/>
  <testcase name="expectGoodData" time="0.0" classname="ca.pmcgovern.ThreeCheckerTest"/>
</testsuite> <!-- check-positive -->
