<?xml version="1.0" encoding="UTF-8"?>
<!-- Generated by org.testng.reporters.JUnitXMLReporter -->
<testsuite hostname="rover" name="check-negative" tests="5" failures="0" timestamp="26 Mar 2014 00:15:36 GMT" time="0.012" errors="0">
  <testcase name="checkNull" time="0.006" classname="ca.pmcgovern.ThreeCheckerTest"/>
  <testcase name="expectBadData" time="0.0" classname="ca.pmcgovern.ThreeCheckerTest"/>
  <testcase name="expectBadData" time="0.001" classname="ca.pmcgovern.ThreeCheckerTest"/>
  <testcase name="expectBadData" time="0.0" classname="ca.pmcgovern.ThreeCheckerTest"/>
  <testcase name="expectBadData" time="0.001" classname="ca.pmcgovern.ThreeCheckerTest"/>
</testsuite> <!-- check-negative -->
